0 528.553
1 558.336
2 537.226
3 548.603
4 545.262
5 582.758
6 533.273
7 537.11
8 530.44
9 562.316
10 540.078
20 547.54 4.84598
0 1236.88
1 1200.92
2 1236.01
3 1215.19
4 1206.25
5 1229.03
6 1251.56
7 1180.25
8 1221.8
9 1243.7
10 1221.05
30 1220.58 6.36624
0 2128.92
1 2125.26
2 2109.77
3 2166.35
4 2125.52
5 2125.4
6 2172.52
7 2128.64
8 2149.23
9 2146.56
10 2157.37
40 2140.66 6.21329
0 3302.55
1 3365.36
2 3345.16
3 3342.22
4 3306.83
5 3347.18
6 3358.76
7 3300.21
8 3272.37
9 3314.45
10 3335.82
50 3328.84 8.80865
0 8418.21
